{
  "Cucumber Features": {
    "coverage": {
      "/Users/meghnapradhan/Desktop/Software_Eng/Neo/teamup-neo-backend/app/models/user.rb": {
        "lines": [
          1,
          1,
          null
        ]
      },
      "/Users/meghnapradhan/Desktop/Software_Eng/Neo/teamup-neo-backend/app/models/application_record.rb": {
        "lines": [
          1,
          1,
          null
        ]
      },
      "/Users/meghnapradhan/Desktop/Software_Eng/Neo/teamup-neo-backend/app/controllers/landing_page_controller.rb": {
        "lines": [
          1,
          1,
          1,
          5,
          0,
          null,
          null,
          null
        ]
      },
      "/Users/meghnapradhan/Desktop/Software_Eng/Neo/teamup-neo-backend/app/controllers/application_controller.rb": {
        "lines": [
          1,
          null,
          1,
          1,
          null,
          1,
          null,
          1,
          16,
          null,
          null,
          1,
          16,
          null,
          null,
          1,
          11,
          0,
          null,
          null,
          null,
          1,
          null,
          1,
          null,
          null,
          null
        ]
      },
      "/Users/meghnapradhan/Desktop/Software_Eng/Neo/teamup-neo-backend/app/helpers/application_helper.rb": {
        "lines": [
          1,
          null
        ]
      },
      "/Users/meghnapradhan/Desktop/Software_Eng/Neo/teamup-neo-backend/app/helpers/dashboard_helper.rb": {
        "lines": [
          1,
          null
        ]
      },
      "/Users/meghnapradhan/Desktop/Software_Eng/Neo/teamup-neo-backend/app/helpers/landing_page_helper.rb": {
        "lines": [
          1,
          null
        ]
      },
      "/Users/meghnapradhan/Desktop/Software_Eng/Neo/teamup-neo-backend/app/helpers/project_hub_helper.rb": {
        "lines": [
          1,
          null
        ]
      },
      "/Users/meghnapradhan/Desktop/Software_Eng/Neo/teamup-neo-backend/app/helpers/session_manager_helper.rb": {
        "lines": [
          1,
          null
        ]
      },
      "/Users/meghnapradhan/Desktop/Software_Eng/Neo/teamup-neo-backend/app/helpers/settings_helper.rb": {
        "lines": [
          1,
          null
        ]
      },
      "/Users/meghnapradhan/Desktop/Software_Eng/Neo/teamup-neo-backend/app/controllers/session_manager_controller.rb": {
        "lines": [
          1,
          1,
          null,
          1,
          null,
          null,
          null,
          null,
          null,
          1,
          5,
          5,
          null,
          null,
          1,
          5,
          null,
          5,
          5,
          5,
          null,
          0,
          null,
          null,
          null
        ]
      },
      "/Users/meghnapradhan/Desktop/Software_Eng/Neo/teamup-neo-backend/app/controllers/dashboard_controller.rb": {
        "lines": [
          1,
          null,
          1,
          null,
          1,
          null,
          1,
          7,
          7,
          0,
          null,
          null,
          1,
          0,
          null,
          null
        ]
      },
      "/Users/meghnapradhan/Desktop/Software_Eng/Neo/teamup-neo-backend/app/controllers/settings_controller.rb": {
        "lines": [
          1,
          1,
          null,
          1,
          1,
          1,
          0,
          null,
          null,
          null,
          1,
          1,
          null,
          null
        ]
      },
      "/Users/meghnapradhan/Desktop/Software_Eng/Neo/teamup-neo-backend/app/controllers/project_hub_controller.rb": {
        "lines": [
          1,
          null,
          1,
          null,
          1,
          1,
          1,
          0,
          null,
          1,
          1,
          null,
          null,
          null,
          1,
          0,
          null,
          null
        ]
      }
    },
    "timestamp": 1728007060
  },
  "RSpec": {
    "coverage": {
      "/Users/meghnapradhan/Desktop/Software_Eng/Neo/teamup-neo-backend/app/controllers/application_controller.rb": {
        "lines": [
          0,
          null,
          0,
          0,
          null,
          0,
          null,
          0,
          0,
          0,
          null,
          0,
          0,
          0,
          null,
          0,
          0,
          0,
          0,
          0,
          null,
          0,
          null,
          0,
          null,
          0,
          0
        ],
        "branches": {
        }
      },
      "/Users/meghnapradhan/Desktop/Software_Eng/Neo/teamup-neo-backend/app/controllers/dashboard_controller.rb": {
        "lines": [
          0,
          null,
          0,
          null,
          0,
          null,
          0,
          0,
          0,
          0,
          0,
          0,
          0,
          0,
          0,
          0
        ],
        "branches": {
        }
      },
      "/Users/meghnapradhan/Desktop/Software_Eng/Neo/teamup-neo-backend/app/controllers/landing_page_controller.rb": {
        "lines": [
          0,
          0,
          0,
          0,
          0,
          0,
          0,
          0
        ],
        "branches": {
        }
      },
      "/Users/meghnapradhan/Desktop/Software_Eng/Neo/teamup-neo-backend/app/controllers/project_hub_controller.rb": {
        "lines": [
          0,
          null,
          0,
          null,
          0,
          0,
          0,
          0,
          0,
          0,
          0,
          0,
          0,
          null,
          0,
          0,
          0,
          0
        ],
        "branches": {
        }
      },
      "/Users/meghnapradhan/Desktop/Software_Eng/Neo/teamup-neo-backend/app/controllers/session_manager_controller.rb": {
        "lines": [
          0,
          0,
          null,
          0,
          null,
          null,
          null,
          0,
          null,
          0,
          0,
          0,
          0,
          null,
          0,
          0,
          null,
          0,
          0,
          0,
          0,
          0,
          0,
          0,
          0
        ],
        "branches": {
        }
      },
      "/Users/meghnapradhan/Desktop/Software_Eng/Neo/teamup-neo-backend/app/controllers/settings_controller.rb": {
        "lines": [
          0,
          0,
          null,
          0,
          0,
          0,
          0,
          0,
          0,
          null,
          0,
          0,
          0,
          0
        ],
        "branches": {
        }
      },
      "/Users/meghnapradhan/Desktop/Software_Eng/Neo/teamup-neo-backend/app/helpers/application_helper.rb": {
        "lines": [
          0,
          0
        ],
        "branches": {
        }
      },
      "/Users/meghnapradhan/Desktop/Software_Eng/Neo/teamup-neo-backend/app/helpers/dashboard_helper.rb": {
        "lines": [
          0,
          0
        ],
        "branches": {
        }
      },
      "/Users/meghnapradhan/Desktop/Software_Eng/Neo/teamup-neo-backend/app/helpers/landing_page_helper.rb": {
        "lines": [
          0,
          0
        ],
        "branches": {
        }
      },
      "/Users/meghnapradhan/Desktop/Software_Eng/Neo/teamup-neo-backend/app/helpers/project_hub_helper.rb": {
        "lines": [
          0,
          0
        ],
        "branches": {
        }
      },
      "/Users/meghnapradhan/Desktop/Software_Eng/Neo/teamup-neo-backend/app/helpers/session_manager_helper.rb": {
        "lines": [
          0,
          0
        ],
        "branches": {
        }
      },
      "/Users/meghnapradhan/Desktop/Software_Eng/Neo/teamup-neo-backend/app/helpers/settings_helper.rb": {
        "lines": [
          0,
          0
        ],
        "branches": {
        }
      },
      "/Users/meghnapradhan/Desktop/Software_Eng/Neo/teamup-neo-backend/app/models/application_record.rb": {
        "lines": [
          0,
          0,
          0
        ],
        "branches": {
        }
      },
      "/Users/meghnapradhan/Desktop/Software_Eng/Neo/teamup-neo-backend/app/models/user.rb": {
        "lines": [
          0,
          0,
          0
        ],
        "branches": {
        }
      }
    },
    "timestamp": 1728003315
  }
}
