{
  "Cucumber Features": {
    "coverage": {
      "/Users/akankshashah/Documents/TAMU ACAD/SE /project/teamup-neo-backend/app/models/user.rb": {
        "lines": [
          null,
          null,
          null,
          null,
          1,
          1,
          null
        ]
      },
      "/Users/akankshashah/Documents/TAMU ACAD/SE /project/teamup-neo-backend/app/models/application_record.rb": {
        "lines": [
          null,
          null,
          null,
          null,
          1,
          1,
          null
        ]
      },
      "/Users/akankshashah/Documents/TAMU ACAD/SE /project/teamup-neo-backend/app/controllers/landing_page_controller.rb": {
        "lines": [
          null,
          null,
          null,
          1,
          1,
          1,
          24,
          null,
          1,
          null,
          null
        ]
      },
      "/Users/akankshashah/Documents/TAMU ACAD/SE /project/teamup-neo-backend/app/controllers/application_controller.rb": {
        "lines": [
          null,
          null,
          null,
          1,
          null,
          1,
          1,
          null,
          1,
          null,
          1,
          54,
          null,
          null,
          1,
          54,
          null,
          null,
          1,
          30,
          null,
          3,
          null,
          null,
          1,
          null,
          1,
          null
        ]
      },
      "/Users/akankshashah/Documents/TAMU ACAD/SE /project/teamup-neo-backend/app/helpers/application_helper.rb": {
        "lines": [
          null,
          null,
          null,
          1,
          null
        ]
      },
      "/Users/akankshashah/Documents/TAMU ACAD/SE /project/teamup-neo-backend/app/helpers/calendars_helper.rb": {
        "lines": [
          null,
          null,
          null,
          1,
          null
        ]
      },
      "/Users/akankshashah/Documents/TAMU ACAD/SE /project/teamup-neo-backend/app/helpers/project_hub_helper.rb": {
        "lines": [
          null,
          null,
          null,
          1,
          null
        ]
      },
      "/Users/akankshashah/Documents/TAMU ACAD/SE /project/teamup-neo-backend/app/helpers/project_management_hub_helper.rb": {
        "lines": [
          null,
          null,
          null,
          1,
          null
        ]
      },
      "/Users/akankshashah/Documents/TAMU ACAD/SE /project/teamup-neo-backend/app/helpers/settings_helper.rb": {
        "lines": [
          null,
          null,
          null,
          1,
          null
        ]
      },
      "/Users/akankshashah/Documents/TAMU ACAD/SE /project/teamup-neo-backend/app/controllers/session_manager_controller.rb": {
        "lines": [
          null,
          null,
          null,
          1,
          1,
          null,
          1,
          1,
          1,
          null,
          0,
          null,
          null,
          1,
          15,
          15,
          15,
          null,
          null,
          1,
          0,
          null,
          null,
          null,
          1,
          null,
          1,
          15,
          13,
          13,
          null,
          2,
          null,
          null,
          null
        ]
      },
      "/Users/akankshashah/Documents/TAMU ACAD/SE /project/teamup-neo-backend/app/controllers/dashboard_controller.rb": {
        "lines": [
          null,
          null,
          null,
          1,
          1,
          null,
          1,
          18,
          18,
          null,
          0,
          null,
          null,
          1,
          18,
          null,
          null
        ]
      },
      "/Users/akankshashah/Documents/TAMU ACAD/SE /project/teamup-neo-backend/app/controllers/settings_controller.rb": {
        "lines": [
          null,
          null,
          null,
          1,
          1,
          null,
          1,
          2,
          2,
          null,
          0,
          null,
          null,
          1,
          2,
          null,
          null
        ]
      },
      "/Users/akankshashah/Documents/TAMU ACAD/SE /project/teamup-neo-backend/app/controllers/project_hub_controller.rb": {
        "lines": [
          null,
          null,
          null,
          1,
          1,
          null,
          1,
          2,
          2,
          2,
          null,
          1,
          null,
          null,
          1,
          1,
          null,
          null
        ]
      },
      "/Users/akankshashah/Documents/TAMU ACAD/SE /project/teamup-neo-backend/app/controllers/project_management_hub_controller.rb": {
        "lines": [
          null,
          null,
          null,
          1,
          1,
          null,
          1,
          2,
          2,
          2,
          null,
          1,
          null,
          null,
          1,
          1,
          null,
          null
        ]
      },
      "/Users/akankshashah/Documents/TAMU ACAD/SE /project/teamup-neo-backend/app/controllers/calendars_controller.rb": {
        "lines": [
          null,
          null,
          null,
          0,
          0,
          0,
          0,
          null,
          0,
          0,
          null,
          0,
          0,
          0,
          0
        ],
        "branches": {
        }
      }
    },
    "timestamp": 1728103145
  },
  "RSpec": {
    "coverage": {
      "/Users/akankshashah/Documents/TAMU ACAD/SE /project/teamup-neo-backend/app/helpers/application_helper.rb": {
        "lines": [
          null,
          null,
          null,
          1,
          null
        ]
      },
      "/Users/akankshashah/Documents/TAMU ACAD/SE /project/teamup-neo-backend/app/helpers/calendars_helper.rb": {
        "lines": [
          null,
          null,
          null,
          1,
          null
        ]
      },
      "/Users/akankshashah/Documents/TAMU ACAD/SE /project/teamup-neo-backend/app/helpers/project_hub_helper.rb": {
        "lines": [
          null,
          null,
          null,
          1,
          null
        ]
      },
      "/Users/akankshashah/Documents/TAMU ACAD/SE /project/teamup-neo-backend/app/helpers/project_management_hub_helper.rb": {
        "lines": [
          null,
          null,
          null,
          1,
          null
        ]
      },
      "/Users/akankshashah/Documents/TAMU ACAD/SE /project/teamup-neo-backend/app/helpers/settings_helper.rb": {
        "lines": [
          null,
          null,
          null,
          1,
          null
        ]
      },
      "/Users/akankshashah/Documents/TAMU ACAD/SE /project/teamup-neo-backend/app/controllers/application_controller.rb": {
        "lines": [
          null,
          null,
          null,
          1,
          null,
          1,
          1,
          null,
          1,
          null,
          1,
          25,
          null,
          null,
          1,
          23,
          null,
          null,
          1,
          19,
          null,
          4,
          null,
          null,
          1,
          null,
          1,
          null
        ]
      },
      "/Users/akankshashah/Documents/TAMU ACAD/SE /project/teamup-neo-backend/app/controllers/calendars_controller.rb": {
        "lines": [
          null,
          null,
          null,
          1,
          1,
          0,
          0,
          null,
          0,
          null,
          null,
          1,
          2,
          null,
          null
        ]
      },
      "/Users/akankshashah/Documents/TAMU ACAD/SE /project/teamup-neo-backend/app/controllers/dashboard_controller.rb": {
        "lines": [
          null,
          null,
          null,
          1,
          1,
          null,
          1,
          2,
          2,
          null,
          0,
          null,
          null,
          1,
          2,
          null,
          null
        ]
      },
      "/Users/akankshashah/Documents/TAMU ACAD/SE /project/teamup-neo-backend/app/controllers/landing_page_controller.rb": {
        "lines": [
          null,
          null,
          null,
          1,
          1,
          1,
          2,
          null,
          1,
          null,
          null
        ]
      },
      "/Users/akankshashah/Documents/TAMU ACAD/SE /project/teamup-neo-backend/app/controllers/project_hub_controller.rb": {
        "lines": [
          null,
          null,
          null,
          1,
          1,
          null,
          1,
          2,
          2,
          2,
          null,
          1,
          null,
          null,
          1,
          1,
          null,
          null
        ]
      },
      "/Users/akankshashah/Documents/TAMU ACAD/SE /project/teamup-neo-backend/app/controllers/project_management_hub_controller.rb": {
        "lines": [
          null,
          null,
          null,
          1,
          1,
          null,
          1,
          2,
          2,
          2,
          null,
          1,
          null,
          null,
          1,
          1,
          null,
          null
        ]
      },
      "/Users/akankshashah/Documents/TAMU ACAD/SE /project/teamup-neo-backend/app/controllers/session_manager_controller.rb": {
        "lines": [
          null,
          null,
          null,
          1,
          1,
          null,
          1,
          2,
          1,
          null,
          1,
          null,
          null,
          1,
          2,
          2,
          2,
          null,
          null,
          1,
          2,
          null,
          null,
          null,
          1,
          null,
          1,
          2,
          1,
          1,
          null,
          1,
          null,
          null,
          null
        ]
      },
      "/Users/akankshashah/Documents/TAMU ACAD/SE /project/teamup-neo-backend/app/controllers/settings_controller.rb": {
        "lines": [
          null,
          null,
          null,
          1,
          1,
          null,
          1,
          2,
          2,
          null,
          0,
          null,
          null,
          1,
          2,
          null,
          null
        ]
      },
      "/Users/akankshashah/Documents/TAMU ACAD/SE /project/teamup-neo-backend/app/models/user.rb": {
        "lines": [
          null,
          null,
          null,
          null,
          1,
          1,
          null
        ]
      },
      "/Users/akankshashah/Documents/TAMU ACAD/SE /project/teamup-neo-backend/app/models/application_record.rb": {
        "lines": [
          null,
          null,
          null,
          null,
          1,
          1,
          null
        ]
      }
    },
    "timestamp": 1728103153
  }
}
